2025-09-17T03:59:54+00:00 DEBUG #7967 - [New Request] GET /wp-admin/admin.php
2025-09-17T03:59:54+00:00 DEBUG #7967 - GET https://api.woocommerce.com/integrations/ppcsandbox/v1/customer/partners/MPMFHQTVMBZ6G/merchant-integrations/
Response: Array
(
    [code] => 404
    [message] => Not Found
)

Response Body: {"statusCode":404,"error":"Not Found","message":"Not Found"}
2025-09-17T03:59:54+00:00 WARNING #7967 - [Error] Not Found CONTEXT: {"args":{"method":"GET","headers":{"Authorization":"Bearer token","Content-Type":"application/json"}},"response":{"headers":{},"body":"{"statusCode":404,"error":"Not Found","message":"Not Found"}","response":{"code":404,"message":"Not Found"},"cookies":[],"filename":null,"http_response":{"data":null,"headers":null,"status":null}}}
2025-09-17T03:59:55+00:00 INFO #7967 - Generating onboarding URL for: production-ppcp
2025-09-17T03:59:56+00:00 DEBUG #7967 - POST https://api.woocommerce.com/integrations/ppc/v2/customer/partner-referrals
Request Body: {"partner_config_override":{"return_url":"https:\/\/daria.mate4kids.com\/wp-admin\/admin.php?page=wc-settings&tab=checkout&section=ppcp-gateway&ppcpToken=eyJrIjoicHJvZHVjdGlvbi1wcGNwIiwidSI6OTEsImgiOiJjNzZhODlhZWE3NDYyZGI1Y2QzYmNmMTU3ZWQwNDk4ZCJ9","return_url_description":"Return to your shop.","show_add_credit_card":true},"products":["PPCP","ADVANCED_VAULTING"],"capabilities":["PAYPAL_WALLET_VAULTING_ADVANCED"],"legal_consents":[{"type":"SHARE_DATA_CONSENT","granted":true}],"operations":[{"operation":"API_INTEGRATION","api_integration_preference":{"rest_api_integration":{"integration_method":"PAYPAL","integration_type":"FIRST_PARTY","first_party_details":{"features":["PAYMENT","REFUND","ADVANCED_TRANSACTIONS_SEARCH","TRACKING_SHIPMENT_READWRITE","BILLING_AGREEMENT","VAULT","FUTURE_PAYMENT"],"seller_nonce":"a1233wtergfsdt4365tzrshgfbaewa36AGa1233wtergfsdt4365tzrshgfbaewa36AG"}}}}]}
Response Debug ID: 5819753e5d69f
Response: Array
(
    [code] => 201
    [message] => Created
)

2025-09-17T03:59:56+00:00 INFO #7967 - Persisted onboarding URL for: production-ppcp
2025-09-17T03:59:56+00:00 INFO #7967 - Generating onboarding URL for: production-express_checkout
2025-09-17T03:59:56+00:00 DEBUG #7967 - POST https://api.woocommerce.com/integrations/ppc/v2/customer/partner-referrals
Request Body: {"partner_config_override":{"return_url":"https:\/\/daria.mate4kids.com\/wp-admin\/admin.php?page=wc-settings&tab=checkout&section=ppcp-gateway&ppcpToken=eyJrIjoicHJvZHVjdGlvbi1leHByZXNzX2NoZWNrb3V0IiwidSI6OTEsImgiOiJmMjFjZGZlZWE4YmJjNjcyOGFjMGFhOGQ2YzJiZWY3YyJ9","return_url_description":"Return to your shop.","show_add_credit_card":true},"products":["PPCP","ADVANCED_VAULTING"],"capabilities":["PAYPAL_WALLET_VAULTING_ADVANCED"],"legal_consents":[{"type":"SHARE_DATA_CONSENT","granted":true}],"operations":[{"operation":"API_INTEGRATION","api_integration_preference":{"rest_api_integration":{"integration_method":"PAYPAL","integration_type":"FIRST_PARTY","first_party_details":{"features":["PAYMENT","REFUND","ADVANCED_TRANSACTIONS_SEARCH","TRACKING_SHIPMENT_READWRITE","BILLING_AGREEMENT","VAULT","FUTURE_PAYMENT"],"seller_nonce":"a1233wtergfsdt4365tzrshgfbaewa36AGa1233wtergfsdt4365tzrshgfbaewa36AG"}}}}]}
Response Debug ID: ba78568643c3e
Response: Array
(
    [code] => 201
    [message] => Created
)

2025-09-17T03:59:56+00:00 INFO #7967 - Persisted onboarding URL for: production-express_checkout
2025-09-17T03:59:56+00:00 INFO #7967 - Generating onboarding URL for: sandbox-ppcp
2025-09-17T03:59:57+00:00 DEBUG #7967 - POST https://api.woocommerce.com/integrations/ppcsandbox/v2/customer/partner-referrals
Request Body: {"partner_config_override":{"return_url":"https:\/\/daria.mate4kids.com\/wp-admin\/admin.php?page=wc-settings&tab=checkout&section=ppcp-gateway&ppcpToken=eyJrIjoic2FuZGJveC1wcGNwIiwidSI6OTEsImgiOiIyOWU2OTFjYjBmMjE3OWJjYTU5ZmFkNzc1OTkwNmZjNSJ9","return_url_description":"Return to your shop.","show_add_credit_card":true},"products":["PPCP","ADVANCED_VAULTING"],"capabilities":["PAYPAL_WALLET_VAULTING_ADVANCED"],"legal_consents":[{"type":"SHARE_DATA_CONSENT","granted":true}],"operations":[{"operation":"API_INTEGRATION","api_integration_preference":{"rest_api_integration":{"integration_method":"PAYPAL","integration_type":"FIRST_PARTY","first_party_details":{"features":["PAYMENT","REFUND","ADVANCED_TRANSACTIONS_SEARCH","TRACKING_SHIPMENT_READWRITE","BILLING_AGREEMENT","VAULT","FUTURE_PAYMENT"],"seller_nonce":"a1233wtergfsdt4365tzrshgfbaewa36AGa1233wtergfsdt4365tzrshgfbaewa36AG"}}}}]}
Response Debug ID: 2df6058b51380
Response: Array
(
    [code] => 201
    [message] => Created
)

2025-09-17T03:59:57+00:00 INFO #7967 - Persisted onboarding URL for: sandbox-ppcp
2025-09-17T03:59:57+00:00 INFO #7967 - Generating onboarding URL for: sandbox-express_checkout
2025-09-17T03:59:58+00:00 DEBUG #7967 - POST https://api.woocommerce.com/integrations/ppcsandbox/v2/customer/partner-referrals
Request Body: {"partner_config_override":{"return_url":"https:\/\/daria.mate4kids.com\/wp-admin\/admin.php?page=wc-settings&tab=checkout&section=ppcp-gateway&ppcpToken=eyJrIjoic2FuZGJveC1leHByZXNzX2NoZWNrb3V0IiwidSI6OTEsImgiOiJmZWYwZjEzZjJiODJiMjk2MjVkNjQyNmRlMzczOThkZiJ9","return_url_description":"Return to your shop.","show_add_credit_card":true},"products":["PPCP","ADVANCED_VAULTING"],"capabilities":["PAYPAL_WALLET_VAULTING_ADVANCED"],"legal_consents":[{"type":"SHARE_DATA_CONSENT","granted":true}],"operations":[{"operation":"API_INTEGRATION","api_integration_preference":{"rest_api_integration":{"integration_method":"PAYPAL","integration_type":"FIRST_PARTY","first_party_details":{"features":["PAYMENT","REFUND","ADVANCED_TRANSACTIONS_SEARCH","TRACKING_SHIPMENT_READWRITE","BILLING_AGREEMENT","VAULT","FUTURE_PAYMENT"],"seller_nonce":"a1233wtergfsdt4365tzrshgfbaewa36AGa1233wtergfsdt4365tzrshgfbaewa36AG"}}}}]}
Response Debug ID: 06f51c8b293db
Response: Array
(
    [code] => 201
    [message] => Created
)

2025-09-17T03:59:58+00:00 INFO #7967 - Persisted onboarding URL for: sandbox-express_checkout
2025-09-17T04:01:44+00:00 DEBUG #7484 - [New Request] POST /
2025-09-17T04:01:44+00:00 DEBUG #7484 - POST https://api-m.sandbox.paypal.com/v1/oauth2/token/
Response Debug ID: f4569998fa476
Response: Array
(
    [code] => 200
    [message] => OK
)

2025-09-17T04:01:45+00:00 DEBUG #1711 - [New Request] POST /
2025-09-17T04:01:45+00:00 DEBUG #1711 - POST https://api-m.sandbox.paypal.com/v1/oauth2/token/
Response Debug ID: f4569996fcc48
Response: Array
(
    [code] => 401
    [message] => Unauthorized
)

Response Body: {"error":"invalid_authz_code","error_description":"Authorization code not found in cache"}
2025-09-17T04:01:45+00:00 WARNING #1711 - No token found. CONTEXT: {"args":{"method":"POST","headers":{"Authorization":"Basic QkFBTl9JNTRENVM5MnlxNms3UGVobzNobnFvbDFmQ1dnSGg4VmU0T1pVSUR5U3hnNlR0OVNsV2NlcEY0VEsyUV8wNkNsNmVqLTBGVHU2VU1Fdzo="},"body":{"grant_type":"authorization_code","code":"C21AAL8aBCmmk-xtzycq0crNSF35yW0KWlPplp9AoLrrAKgSP_b2YPekmABxi6lkFRVdsYFO9pgQx-WpcoVSM_kwSMJAxLrUg","code_verifier":"a1233wtergfsdt4365tzrshgfbaewa36AGa1233wtergfsdt4365tzrshgfbaewa36AG"}},"response":{"headers":{},"body":"{"error":"invalid_authz_code","error_description":"Authorization code not found in cache"}","response":{"code":401,"message":"Unauthorized"},"cookies":[],"filename":null,"http_response":{"data":null,"headers":null,"status":null}}}
2025-09-17T04:01:45+00:00 ERROR #1711 - Onboarding completion handling error: No token found.
2025-09-17T04:01:51+00:00 DEBUG #7484 - GET https://api-m.sandbox.paypal.com/v1/customer/partners/MPMFHQTVMBZ6G/merchant-integrations/credentials/
Response Debug ID: f67710609bf7b
Response: Array
(
    [code] => 200
    [message] => OK
)

2025-09-17T04:02:23+00:00 DEBUG #5663 - [New Request] POST /wp-cron.php
2025-09-17T04:02:23+00:00 DEBUG #5663 - GET https://api.woocommerce.com/integrations/ppcsandbox/v1/notifications/webhooks
Response: Array
(
    [code] => 404
    [message] => Not Found
)

Response Body: {"statusCode":404,"error":"Not Found","message":"Not Found"}
2025-09-17T04:02:23+00:00 ERROR #5663 - Failed to delete webhooks: [Error] Not Found
2025-09-17T04:02:23+00:00 INFO #5663 - Webhooks deleted.
2025-09-17T04:02:24+00:00 DEBUG #5663 - POST https://api.woocommerce.com/integrations/ppcsandbox/v1/notifications/webhooks
Request Body: {"url":"https:\/\/daria.mate4kids.com\/wp-json\/paypal\/v1\/incoming","event_types":[{"name":"CHECKOUT.ORDER.APPROVED"},{"name":"CHECKOUT.ORDER.COMPLETED"},{"name":"CHECKOUT.PAYMENT-APPROVAL.REVERSED"},{"name":"PAYMENT.CAPTURE.REFUNDED"},{"name":"PAYMENT.AUTHORIZATION.VOIDED"},{"name":"PAYMENT.CAPTURE.REVERSED"},{"name":"PAYMENT.ORDER.CANCELLED"},{"name":"PAYMENT.CAPTURE.DENIED"},{"name":"PAYMENT.CAPTURE.COMPLETED"},{"name":"VAULT.PAYMENT-TOKEN.CREATED"},{"name":"VAULT.PAYMENT-TOKEN.DELETED"},{"name":"PAYMENT.CAPTURE.PENDING"},{"name":"PAYMENT.SALE.COMPLETED"},{"name":"PAYMENT.SALE.REFUNDED"},{"name":"BILLING.SUBSCRIPTION.CANCELLED"},{"name":"BILLING.PLAN.PRICING-CHANGE.ACTIVATED"},{"name":"CATALOG.PRODUCT.UPDATED"},{"name":"BILLING.PLAN.UPDATED"}]}
Response: Array
(
    [code] => 404
    [message] => Not Found
)

Response Body: {"statusCode":404,"error":"Not Found","message":"Not Found"}
2025-09-17T04:02:24+00:00 ERROR #5663 - Failed to subscribe webhooks: [Error] Not Found
2025-09-17T04:05:08+00:00 DEBUG #3753 - [New Request] POST /
2025-09-17T04:05:08+00:00 DEBUG #3753 - POST https://api-m.paypal.com/v1/oauth2/token/
Response Debug ID: a304809a76555
Response: Array
(
    [code] => 400
    [message] => Bad Request
)

Response Body: {"error":"invalid_grant","error_description":"Authorization code not found in cache"}
2025-09-17T04:05:08+00:00 WARNING #3753 - No token found. CONTEXT: {"args":{"method":"POST","headers":{"Authorization":"Basic QkFBWHJ6SUh4b3JzbU9Md2dJeDQ4Z050OUNjT2g4NzdLWnJ4WFNDNW1tUHFEWDJzZlhiVURYVnNtQUpXci00YURmZzN2WkxiVkdGTWJid1RLWTo="},"body":{"grant_type":"authorization_code","code":"C21AAPK8uBbjS-a9IZaUTpktKrqq_Owcws-315x7F5wOBKKZ3El8wQkJ0wokVWemGtSw37IkdEbXiKnERYKF04AeDJmbUyAXQ","code_verifier":"a1233wtergfsdt4365tzrshgfbaewa36AGa1233wtergfsdt4365tzrshgfbaewa36AG"}},"response":{"headers":{},"body":"{"error":"invalid_grant","error_description":"Authorization code not found in cache"}","response":{"code":400,"message":"Bad Request"},"cookies":[{"name":"l7_az","value":"ccg13.slc","expires":1758083708,"path":"/","domain":"paypal.com","port":null,"host_only":false}],"filename":null,"http_response":{"data":null,"headers":null,"status":null}}}
2025-09-17T04:05:08+00:00 ERROR #3753 - Onboarding completion handling error: No token found.
2025-09-17T04:05:08+00:00 DEBUG #1766 - [New Request] POST /
2025-09-17T04:05:08+00:00 DEBUG #1766 - POST https://api-m.paypal.com/v1/oauth2/token/
Response Debug ID: c46721440f198
Response: Array
(
    [code] => 200
    [message] => OK
)

2025-09-17T04:05:08+00:00 DEBUG #4926 - [New Request] POST /
2025-09-17T04:05:08+00:00 DEBUG #4926 - POST https://api-m.paypal.com/v1/oauth2/token/
Response Debug ID: c6fc30af16cf9
Response: Array
(
    [code] => 400
    [message] => Bad Request
)

Response Body: {"error":"invalid_grant","error_description":"Authorization code not found in cache"}
2025-09-17T04:05:08+00:00 WARNING #4926 - No token found. CONTEXT: {"args":{"method":"POST","headers":{"Authorization":"Basic QkFBWHJ6SUh4b3JzbU9Md2dJeDQ4Z050OUNjT2g4NzdLWnJ4WFNDNW1tUHFEWDJzZlhiVURYVnNtQUpXci00YURmZzN2WkxiVkdGTWJid1RLWTo="},"body":{"grant_type":"authorization_code","code":"C21AAPK8uBbjS-a9IZaUTpktKrqq_Owcws-315x7F5wOBKKZ3El8wQkJ0wokVWemGtSw37IkdEbXiKnERYKF04AeDJmbUyAXQ","code_verifier":"a1233wtergfsdt4365tzrshgfbaewa36AGa1233wtergfsdt4365tzrshgfbaewa36AG"}},"response":{"headers":{},"body":"{"error":"invalid_grant","error_description":"Authorization code not found in cache"}","response":{"code":400,"message":"Bad Request"},"cookies":[{"name":"l7_az","value":"ccg01.phx","expires":1758083708,"path":"/","domain":"paypal.com","port":null,"host_only":false}],"filename":null,"http_response":{"data":null,"headers":null,"status":null}}}
2025-09-17T04:05:08+00:00 ERROR #4926 - Onboarding completion handling error: No token found.
2025-09-17T04:05:08+00:00 DEBUG #1766 - GET https://api-m.paypal.com/v1/customer/partners/K8SKZ36LQBWXJ/merchant-integrations/credentials/
Response Debug ID: c93775f2d3094
Response: Array
(
    [code] => 200
    [message] => OK
)

2025-09-17T04:05:09+00:00 DEBUG #6782 - [New Request] POST /
2025-09-17T04:05:09+00:00 DEBUG #6782 - POST https://api-m.paypal.com/v1/oauth2/token/
Response Debug ID: 4a13cb56f364d
Response: Array
(
    [code] => 400
    [message] => Bad Request
)

Response Body: {"error":"invalid_grant","error_description":"Authorization code not found in cache"}
2025-09-17T04:05:09+00:00 WARNING #6782 - No token found. CONTEXT: {"args":{"method":"POST","headers":{"Authorization":"Basic QkFBWHJ6SUh4b3JzbU9Md2dJeDQ4Z050OUNjT2g4NzdLWnJ4WFNDNW1tUHFEWDJzZlhiVURYVnNtQUpXci00YURmZzN2WkxiVkdGTWJid1RLWTo="},"body":{"grant_type":"authorization_code","code":"C21AAPK8uBbjS-a9IZaUTpktKrqq_Owcws-315x7F5wOBKKZ3El8wQkJ0wokVWemGtSw37IkdEbXiKnERYKF04AeDJmbUyAXQ","code_verifier":"a1233wtergfsdt4365tzrshgfbaewa36AGa1233wtergfsdt4365tzrshgfbaewa36AG"}},"response":{"headers":{},"body":"{"error":"invalid_grant","error_description":"Authorization code not found in cache"}","response":{"code":400,"message":"Bad Request"},"cookies":[{"name":"l7_az","value":"ccg13.slc","expires":1758083709,"path":"/","domain":"paypal.com","port":null,"host_only":false}],"filename":null,"http_response":{"data":null,"headers":null,"status":null}}}
2025-09-17T04:05:09+00:00 ERROR #6782 - Onboarding completion handling error: No token found.
2025-09-17T04:05:38+00:00 DEBUG #9097 - [New Request] GET /wp-admin/admin.php
2025-09-17T04:05:38+00:00 DEBUG #9097 - GET https://api.woocommerce.com/integrations/ppc/v1/customer/partners/K8SKZ36LQBWXJ/merchant-integrations/
Response: Array
(
    [code] => 404
    [message] => Not Found
)

Response Body: {"statusCode":404,"error":"Not Found","message":"Not Found"}
2025-09-17T04:05:38+00:00 WARNING #9097 - [Error] Not Found CONTEXT: {"args":{"method":"GET","headers":{"Authorization":"Bearer token","Content-Type":"application/json"}},"response":{"headers":{},"body":"{"statusCode":404,"error":"Not Found","message":"Not Found"}","response":{"code":404,"message":"Not Found"},"cookies":[],"filename":null,"http_response":{"data":null,"headers":null,"status":null}}}
2025-09-17T04:05:38+00:00 DEBUG #4103 - [New Request] GET /wp-admin/admin.php
2025-09-17T04:05:38+00:00 DEBUG #4103 - GET https://api.woocommerce.com/integrations/ppc/v1/customer/partners/K8SKZ36LQBWXJ/merchant-integrations/
Response: Array
(
    [code] => 404
    [message] => Not Found
)

Response Body: {"statusCode":404,"error":"Not Found","message":"Not Found"}
2025-09-17T04:05:38+00:00 WARNING #4103 - [Error] Not Found CONTEXT: {"args":{"method":"GET","headers":{"Authorization":"Bearer token","Content-Type":"application/json"}},"response":{"headers":{},"body":"{"statusCode":404,"error":"Not Found","message":"Not Found"}","response":{"code":404,"message":"Not Found"},"cookies":[],"filename":null,"http_response":{"data":null,"headers":null,"status":null}}}
2025-09-17T04:05:38+00:00 DEBUG #4103 - GET https://api.woocommerce.com/integrations/ppc/v1/customer/partners/K8SKZ36LQBWXJ/merchant-integrations/
Response: Array
(
    [code] => 404
    [message] => Not Found
)

Response Body: {"statusCode":404,"error":"Not Found","message":"Not Found"}
2025-09-17T04:05:38+00:00 WARNING #4103 - [Error] Not Found CONTEXT: {"args":{"method":"GET","headers":{"Authorization":"Bearer token","Content-Type":"application/json"}},"response":{"headers":{},"body":"{"statusCode":404,"error":"Not Found","message":"Not Found"}","response":{"code":404,"message":"Not Found"},"cookies":[],"filename":null,"http_response":{"data":null,"headers":null,"status":null}}}
2025-09-17T04:05:38+00:00 DEBUG #9097 - Validating onboarding ppcpToken: ey...Y3YyJ9
2025-09-17T04:05:38+00:00 INFO #9097 - Validated onboarding ppcpToken: ey...Y3YyJ9
2025-09-17T04:05:38+00:00 INFO #9097 - Redirect OK: https://daria.mate4kids.com/wp-admin/admin.php?page=wc-settings&tab=checkout&section=ppcp-gateway&ppcp-tab=ppcp-connection
2025-09-17T04:05:39+00:00 DEBUG #4103 - Validating onboarding ppcpToken: ey...Y3YyJ9
2025-09-17T04:05:39+00:00 INFO #4103 - Validated previous token, silently redirecting: ey...Y3YyJ9
2025-09-17T04:05:39+00:00 INFO #4103 - Redirect OK: https://daria.mate4kids.com/wp-admin/admin.php?page=wc-settings&tab=checkout&section=ppcp-gateway&ppcp-tab=ppcp-connection
2025-09-17T04:05:40+00:00 DEBUG #1247 - [New Request] POST /wp-cron.php
2025-09-17T04:05:40+00:00 DEBUG #1247 - GET https://api.woocommerce.com/integrations/ppc/v1/notifications/webhooks
Response: Array
(
    [code] => 404
    [message] => Not Found
)

Response Body: {"statusCode":404,"error":"Not Found","message":"Not Found"}
2025-09-17T04:05:40+00:00 ERROR #1247 - Failed to delete webhooks: [Error] Not Found
2025-09-17T04:05:40+00:00 INFO #1247 - Webhooks deleted.
2025-09-17T04:05:40+00:00 DEBUG #1247 - POST https://api.woocommerce.com/integrations/ppc/v1/notifications/webhooks
Request Body: {"url":"https:\/\/daria.mate4kids.com\/wp-json\/paypal\/v1\/incoming","event_types":[{"name":"CHECKOUT.ORDER.APPROVED"},{"name":"CHECKOUT.ORDER.COMPLETED"},{"name":"CHECKOUT.PAYMENT-APPROVAL.REVERSED"},{"name":"PAYMENT.CAPTURE.REFUNDED"},{"name":"PAYMENT.AUTHORIZATION.VOIDED"},{"name":"PAYMENT.CAPTURE.REVERSED"},{"name":"PAYMENT.ORDER.CANCELLED"},{"name":"PAYMENT.CAPTURE.DENIED"},{"name":"PAYMENT.CAPTURE.COMPLETED"},{"name":"VAULT.PAYMENT-TOKEN.CREATED"},{"name":"VAULT.PAYMENT-TOKEN.DELETED"},{"name":"PAYMENT.CAPTURE.PENDING"},{"name":"PAYMENT.SALE.COMPLETED"},{"name":"PAYMENT.SALE.REFUNDED"},{"name":"BILLING.SUBSCRIPTION.CANCELLED"},{"name":"BILLING.PLAN.PRICING-CHANGE.ACTIVATED"},{"name":"CATALOG.PRODUCT.UPDATED"},{"name":"BILLING.PLAN.UPDATED"}]}
Response: Array
(
    [code] => 404
    [message] => Not Found
)

Response Body: {"statusCode":404,"error":"Not Found","message":"Not Found"}
2025-09-17T04:05:40+00:00 ERROR #1247 - Failed to subscribe webhooks: [Error] Not Found
